<?xml version="1.0" encoding="UTF-8"?>
<!-- Generated by org.testng.reporters.JUnitReportReporter -->
<testsuite hostname="Sameer_Archana" failures="0" tests="2" name="com.mystore.testcases.TC1_SignUpPageTest" time="13.328" errors="0" timestamp="2024-03-20T16:36:08 IST" skipped="1">
  <testcase classname="com.mystore.testcases.TC1_SignUpPageTest" name="verifyLogin" time="13.328"/>
  <system-out/>
  <testcase classname="com.mystore.testcases.TC1_SignUpPageTest" name="verifyRegistrationLogin">
    <skipped/>
  </testcase> <!-- verifyRegistrationLogin -->
  <system-out/>
</testsuite> <!-- com.mystore.testcases.TC1_SignUpPageTest -->
